Testfile1
-------------------------------
Here we go!
---------------+------------------+
     expected  | found            |
---------------+------------------+
99-001   ABC   | ABC
99-002   100   | 100
99-003   false | false
99-004   true  | true
---------------+------------------+
99-005   ABC   | ABC
99-006   100   | 100
99-007   false | false
99-008   true  | true
---------------+------------------+
     expected  | found            |
---------------+------------------+
99-009   <-    | <-
99-010   0     | 0
99-011   false | false
---------------+------------------+
99-012   ABC   | ABC
99-013   100   | 100
99-014   true  | true
---------------+------------------+
99-015   ABC   | ABC
99-016   100   | 100
99-017   true  | true
---------------+------------------+
99-018   ABC   | ABC
99-019   100   | 100
99-020   true  | true
---------------+------------------+
99-021   DEF   | DEF
99-022   200   | 200
99-023   false | false
---------------+------------------+
That's all!
-------------------------------
