Testfile2
-----------------  
SRC int    x; int    x;
                   
    int    x; int    x;
                     ^
ALG.TMP, line 1: Double declaration
-----------------  
SRC bool   x; bool   x;
                   
    bool   x; bool   x;
                     ^
ALG.TMP, line 1: Double declaration
-----------------  
SRC string x; string x;
                   
    string x; string x;
                     ^
ALG.TMP, line 1: Double declaration
-----------------  
SRC int    x; bool   x;
                   
    int    x; bool   x;
                     ^
ALG.TMP, line 1: Double declaration
-----------------  
SRC bool   x; string x;
                   
    bool   x; string x;
                     ^
ALG.TMP, line 1: Double declaration
-----------------  
SRC string x; int    x;
                   
    string x; int    x;
                     ^
ALG.TMP, line 1: Double declaration
-----------------  
SRC int    x; write(17); int    x;
                   
    int    x; write(17); int    x;
                                ^
ALG.TMP, line 1: Double declaration
-----------------  
SRC bool   x; write(17); bool   x;
                   
    bool   x; write(17); bool   x;
                                ^
ALG.TMP, line 1: Double declaration
-----------------  
SRC string x; write(17); string x;
                   
    string x; write(17); string x;
                                ^
ALG.TMP, line 1: Double declaration
-----------------  
SRC write(x);
                   
    write(x);
          ^
ALG.TMP, line 1: Undeclared variable
-----------------  
SRC writeln(x);
                   
    writeln(x);
            ^
ALG.TMP, line 1: Undeclared variable
-----------------  
SRC int    x := y;
                   
    int    x := y;
                ^
ALG.TMP, line 1: Undeclared variable
-----------------  
SRC bool   x := y;
                   
    bool   x := y;
                ^
ALG.TMP, line 1: Undeclared variable
-----------------  
SRC string x := y;
                   
    string x := y;
                ^
ALG.TMP, line 1: Undeclared variable
-----------------  
SRC int    x; x := y;
                   
    int    x; x := y;
                   ^
ALG.TMP, line 1: Undeclared variable
-----------------  
SRC bool   x; x := y;
                   
    bool   x; x := y;
                   ^
ALG.TMP, line 1: Undeclared variable
-----------------  
SRC string x; x := y;
                   
    string x; x := y;
                   ^
ALG.TMP, line 1: Undeclared variable
-----------------  
SRC read(x);
                   
    read(x);
         ^
ALG.TMP, line 1: Undeclared variable
