Testfile1
-----------------------------
SRC mother 
mutter
-----------------------------
SRC father 
vater
-----------------------------
SRC grandmother 
grossmutter
-----------------------------
SRC grandfather 
grossvater
-----------------------------
SRC greatgrandmother 
urgrossmutter
-----------------------------
SRC greatgrandfather 
urgrossvater
-----------------------------
SRC greatgreatgrandmother 
ururgrossmutter
-----------------------------
SRC greatgreatgrandfather 
ururgrossvater
-----------------------------
SRC greatgreatgreatgrandfather 
urururgrossvater
-----------------------------
SRC greatgreatgreatgrandfather 
urururgrossvater
-----------------------------
SRC Mother 
    Mother
    ^
ALG.TMP, line 1: syntax error
-----------------------------
SRC fatheR 
    fatheR
    ^
ALG.TMP, line 1: syntax error
-----------------------------
SRC greatgreatgreatfather 
    greatgreatgreatfather
                   ^
ALG.TMP, line 1: syntax error
