Testfile1
-----------------------------
SRC mother
No parse error!
-----------------------------
SRC father
No parse error!
-----------------------------
SRC grandmother
No parse error!
-----------------------------
SRC grandfather
No parse error!
-----------------------------
SRC greatgrandmother
No parse error!
-----------------------------
SRC greatgrandfather
No parse error!
-----------------------------
SRC greatgreatgrandmother
No parse error!
-----------------------------
SRC greatgreatgrandfather
No parse error!
-----------------------------
SRC greatgreatgreatgrandfather
No parse error!
-----------------------------
SRC greatgreatgreatgrandfather
No parse error!
-----------------------------
SRC Mother
    Mother
    ^
ALG.TMP, line 1: syntax error
-----------------------------
SRC fatheR
    fatheR
    ^
ALG.TMP, line 1: syntax error
-----------------------------
SRC greatgreatgreatfather
    greatgreatgreatfather
                   ^
ALG.TMP, line 1: syntax error
