Testfile1
-----------------------------
SRC mother 
-----------------------------
SRC father 
-----------------------------
SRC grandmother 
-----------------------------
SRC grandfather 
-----------------------------
SRC greatgrandmother 
-----------------------------
SRC greatgrandfather 
-----------------------------
SRC greatgreatgrandmother 
-----------------------------
SRC greatgreatgrandfather 
-----------------------------
SRC greatgreatgreatgrandfather 
-----------------------------
SRC greatgreatgreatgrandfather 
-----------------------------
SRC Mother 
-----------------------------
SRC fatheR 
-----------------------------
SRC greatgreatgreatfather 
