Testfile1
-----------------------------
SRC mother 
mutter
No parse error!
-----------------------------
SRC father 
vater
No parse error!
-----------------------------
SRC grandmother 
grossmutter
No parse error!
-----------------------------
SRC grandfather 
grossvater
No parse error!
-----------------------------
SRC greatgrandmother 
urgrossmutter
No parse error!
-----------------------------
SRC greatgrandfather 
urgrossvater
No parse error!
-----------------------------
SRC greatgreatgrandmother 
ururgrossmutter
No parse error!
-----------------------------
SRC greatgreatgrandfather 
ururgrossvater
No parse error!
-----------------------------
SRC greatgreatgreatgrandfather 
urururgrossvater
No parse error!
-----------------------------
SRC greatgreatgreatgrandfather 
urururgrossvater
No parse error!
-----------------------------
SRC Mother 
    Mother
    ^
ALG.TMP, line 1: syntax error
-----------------------------
SRC fatheR 
    fatheR
    ^
ALG.TMP, line 1: syntax error
-----------------------------
SRC greatgreatgreatfather 
    greatgreatgreatfather
                   ^
ALG.TMP, line 1: syntax error
