Testfile1
-----------------------------
SRC Die Mutter von Maria
The mother of Mary
-----------------------------
SRC Der Vater  von Maria
The father of Mary
-----------------------------
SRC Die Mutter von Johann
The mother of John
-----------------------------
SRC Der Vater  von Johann
The father of John
-----------------------------
SRC Die Mutter der Mutter von Maria
A grandmother of Mary
-----------------------------
SRC Der Vater  der Mutter von Maria
A grandfather of Mary
-----------------------------
SRC Die Mutter des Vaters von Maria
A grandmother of Mary
-----------------------------
SRC Der Vater  des Vaters von Maria
A grandfather of Mary
-----------------------------
SRC Die Mutter der Mutter von Johann
A grandmother of John
-----------------------------
SRC Der Vater  der Mutter von Johann
A grandfather of John
-----------------------------
SRC Die Mutter des Vaters von Johann
A grandmother of John
-----------------------------
SRC Der Vater  des Vaters von Johann
A grandfather of John
-----------------------------
SRC Die Mutter der Mutter der Mutter von Maria
A greatgrandmother of Mary
-----------------------------
SRC Der Vater  der Mutter der Mutter von Maria
A greatgrandfather of Mary
-----------------------------
SRC Die Mutter des Vaters der Mutter von Maria
A greatgrandmother of Mary
-----------------------------
SRC Der Vater  des Vaters der Mutter von Maria
A greatgrandfather of Mary
-----------------------------
SRC Die Mutter der Mutter des Vaters von Maria
A greatgrandmother of Mary
-----------------------------
SRC Der Vater  der Mutter des Vaters von Maria
A greatgrandfather of Mary
-----------------------------
SRC Die Mutter des Vaters des Vaters von Maria
A greatgrandmother of Mary
-----------------------------
SRC Der Vater  des Vaters des Vaters von Maria
A greatgrandfather of Mary
-----------------------------
SRC Die Mutter der Mutter der Mutter von Johann
A greatgrandmother of John
-----------------------------
SRC Der Vater  der Mutter der Mutter von Johann
A greatgrandfather of John
-----------------------------
SRC Die Mutter des Vaters der Mutter von Johann
A greatgrandmother of John
-----------------------------
SRC Der Vater  des Vaters der Mutter von Johann
A greatgrandfather of John
-----------------------------
SRC Die Mutter der Mutter des Vaters von Johann
A greatgrandmother of John
-----------------------------
SRC Der Vater  der Mutter des Vaters von Johann
A greatgrandfather of John
-----------------------------
SRC Die Mutter des Vaters des Vaters von Johann
A greatgrandmother of John
-----------------------------
SRC Der Vater  des Vaters des Vaters von Johann
A greatgrandfather of John
-----------------------------
SRC Die Mutter der Mutter der Mutter der Mutter von Maria
A greatgreatgrandmother of Mary
-----------------------------
SRC Die Mutter des Vaters der Mutter des Vaters von Maria
A greatgreatgrandmother of Mary
-----------------------------
SRC Der Vater  des Vaters des Vaters des Vaters von Johann
A greatgreatgrandfather of John
-----------------------------
SRC Der Vater  der Mutter der Mutter des Vaters von Johann
A greatgreatgrandfather of John
-----------------------------
SRC Die Mutter von Marya
    Die Mutter von Marya
                   ^
ALG.TMP, line 1: syntax error
-----------------------------
SRC Der Fater von John
    Der Fater von John
        ^
ALG.TMP, line 1: syntax error
-----------------------------
SRC Der Vater der Mutter der Mutter des Vaters von Johannes
    Der Vater der Mutter der Mutter des Vaters von Johannes
                                                         ^
ALG.TMP, line 1: syntax error
