Testfile2
-----------------  
SRC int    x; int    x;
                   
    int    x; int    x;
                     ^
ALG.TMP, line 1: Double declaration
-----------------  
SRC bool   x; bool   x;
                   
    bool   x; bool   x;
                     ^
ALG.TMP, line 1: Double declaration
-----------------  
SRC string x; string x;
                   
    string x; string x;
                     ^
ALG.TMP, line 1: Double declaration
-----------------  
SRC int    x; bool   x;
                   
    int    x; bool   x;
                     ^
ALG.TMP, line 1: Double declaration
-----------------  
SRC bool   x; string x;
                   
    bool   x; string x;
                     ^
ALG.TMP, line 1: Double declaration
-----------------  
SRC string x; int    x;
                   
    string x; int    x;
                     ^
ALG.TMP, line 1: Double declaration
-----------------  
SRC int    x; write(17); int    x;
                   
    int    x; write(17); int    x;
                                ^
ALG.TMP, line 1: Double declaration
-----------------  
SRC bool   x; write(17); bool   x;
                   
    bool   x; write(17); bool   x;
                                ^
ALG.TMP, line 1: Double declaration
-----------------  
SRC string x; write(17); string x;
                   
    string x; write(17); string x;
                                ^
ALG.TMP, line 1: Double declaration
-----------------  
SRC write(x);
                   
    write(x);
          ^
ALG.TMP, line 1: Undeclared variable
-----------------  
SRC writeln(x);
                   
    writeln(x);
            ^
ALG.TMP, line 1: Undeclared variable
-----------------  
SRC int    x := y;
                   
    int    x := y;
                ^
ALG.TMP, line 1: Undeclared variable
-----------------  
SRC bool   x := y;
                   
    bool   x := y;
                ^
ALG.TMP, line 1: Undeclared variable
-----------------  
SRC string x := y;
                   
    string x := y;
                ^
ALG.TMP, line 1: Undeclared variable
-----------------  
SRC int    x; x := y;
                   
    int    x; x := y;
                   ^
ALG.TMP, line 1: Undeclared variable
-----------------  
SRC bool   x; x := y;
                   
    bool   x; x := y;
                   ^
ALG.TMP, line 1: Undeclared variable
-----------------  
SRC string x; x := y;
                   
    string x; x := y;
                   ^
ALG.TMP, line 1: Undeclared variable
-----------------  
SRC read(x);
                   
    read(x);
         ^
ALG.TMP, line 1: Undeclared variable
-----------------  
SRC int    x; write(x+x+y);
                   
    int    x; write(x+x+y);
                        ^
ALG.TMP, line 1: Undeclared variable
-----------------  
SRC int    x; write(x-y-x);
                   
    int    x; write(x-y-x);
                      ^
ALG.TMP, line 1: Undeclared variable
-----------------  
SRC int    x; write(y*x*y);
                   
    int    x; write(y*x*y);
                    ^
ALG.TMP, line 1: Undeclared variable
-----------------  
SRC int    x; write(x/x/y);
                   
    int    x; write(x/x/y);
                        ^
ALG.TMP, line 1: Undeclared variable
-----------------  
SRC int    x; write(x+x-x*x/y);
                   
    int    x; write(x+x-x*x/y);
                            ^
ALG.TMP, line 1: Undeclared variable
-----------------  
SRC int    x; write(x/x*y+x-x);
                   
    int    x; write(x/x*y+x-x);
                        ^
ALG.TMP, line 1: Undeclared variable
-----------------  
SRC int    x; write( x + -y);
                   
    int    x; write( x + -y);
                          ^
ALG.TMP, line 1: Undeclared variable
-----------------  
SRC int    x; write(-y -  x);
                   
    int    x; write(-y -  x);
                     ^
ALG.TMP, line 1: Undeclared variable
-----------------  
SRC bool   x; write(x or  x or  y);
                   
    bool   x; write(x or  x or  y);
                                ^
ALG.TMP, line 1: Undeclared variable
-----------------  
SRC bool   x; write(y and x and x);
                   
    bool   x; write(y and x and x);
                    ^
ALG.TMP, line 1: Undeclared variable
-----------------  
SRC bool   x; write(x or  not y);
                   
    bool   x; write(x or  not y);
                              ^
ALG.TMP, line 1: Undeclared variable
-----------------  
SRC bool   x; write(not y and x);
                   
    bool   x; write(not y and x);
                        ^
ALG.TMP, line 1: Undeclared variable
-----------------  
SRC int    x; write(x =  y);
                   
    int    x; write(x =  y);
                         ^
ALG.TMP, line 1: Undeclared variable
-----------------  
SRC bool   x; write(y =  x);
                   
    bool   x; write(y =  x);
                    ^
ALG.TMP, line 1: Undeclared variable
-----------------  
SRC string x; write(x =  y);
                   
    string x; write(x =  y);
                         ^
ALG.TMP, line 1: Undeclared variable
-----------------  
SRC int    x; write(y != x);
                   
    int    x; write(y != x);
                    ^
ALG.TMP, line 1: Undeclared variable
-----------------  
SRC bool   x; write(x != y);
                   
    bool   x; write(x != y);
                         ^
ALG.TMP, line 1: Undeclared variable
-----------------  
SRC string x; write(y != x);
                   
    string x; write(y != x);
                    ^
ALG.TMP, line 1: Undeclared variable
