Testfile2
-----------------  
SRC prog anna begin end

Nr of errors found by check10: 0
-----------------  
SRC prog anna begin anna end

Nr of errors found by check10: 0
-----------------  
SRC prog anna, bert, carl begin end

Nr of errors found by check10: 0
-----------------  
SRC prog anna, bert, carl begin carl, carl, anna end

Nr of errors found by check10: 0
-----------------  
SRC prog begin end
    prog begin end
         ^
ALG.TMP, line 1: syntax error
-----------------  
SRC prog anna, anna begin end
Double declaration:  anna is declared at line 1 and line 1

Nr of errors found by check10: 1
-----------------  
SRC prog anna, anna begin anna end
Double declaration:  anna is declared at line 1 and line 1

Nr of errors found by check10: 1
-----------------  
SRC prog anna, bert, anna begin anna, anna end
Double declaration:  anna is declared at line 1 and line 1

Nr of errors found by check10: 1
-----------------  
SRC prog anna, bert, anna, bert begin end
Double declaration:  anna is declared at line 1 and line 1
Double declaration:  bert is declared at line 1 and line 1

Nr of errors found by check10: 2
-----------------  
SRC prog anna, anna, anna, anna begin end
Double declaration:  anna is declared at line 1 and line 1
Double declaration:  anna is declared at line 1 and line 1
Double declaration:  anna is declared at line 1 and line 1

Nr of errors found by check10: 3
-----------------  
SRC prog anna begin bert end
Undeclared variable: bert at line 1 is not declared

Nr of errors found by check10: 1
-----------------  
SRC prog anna, bert begin bert, carl, end
Undeclared variable: carl at line 1 is not declared

Nr of errors found by check10: 1
-----------------  
SRC prog anna, bert begin carl, bert, carl, end
Undeclared variable: carl at line 1 is not declared
Undeclared variable: carl at line 1 is not declared

Nr of errors found by check10: 2
