Testfile1
-------------------------------
Here we go!
---------------+------------------+
     expected  | found            |
---------------+------------------+
99-001      6  | 6
99-002      2  | 2
99-003      8  | 8
99-004      2  | 2
---------------+-------------------
99-005      6  | 6
99-006      2  | 2
99-007      8  | 8
99-008      2  | 2
---------------+-------------------
99-009      10 | 10
99-010      14 | 14
99-011      4  | 4
99-012      2  | 2
---------------+-------------------
99-013      14 | 14
99-014      20 | 20
99-015      1  | 1
99-016      6  | 6
---------------+-------------------
99-017      -5 | -5
99-018      -1 | -1
99-019      6  | 6
99-020      1  | 1
---------------+-------------------
99-021      -3 | -3
99-022      3  | 3
99-023      -3 | -3
99-024      3  | 3
---------------+------------------+
     expected  | found            |
---------------+------------------+
99-025   false | false
99-026   true  | true
99-027   true  | true
99-028   true  | true
---------------+-------------------
99-029   false | false
99-030   false | false
99-031   false | false
99-032   true  | true
---------------+-------------------
99-033   true  | true
99-034   false | false
99-035   false | false
99-036   true  | true
---------------+-------------------
99-037   false | false
99-038   true  | true
99-039   true  | true
99-040   true  | true
---------------+-------------------
99-041   false | false
99-042   false | false
99-043   false | false
99-044   true  | true
---------------+-------------------
99-045   true  | true
99-046   false | false
99-047   false | false
99-048   true  | true
---------------+------------------+
     expected  | found            |
---------------+------------------+
99-049    true | true
99-050    true | true
99-051    true | true
99-052    true | true
99-053    true | true
99-054    true | true
99-055    true | true
99-056    true | true
---------------+-------------------
99-057    true | true
99-058    true | true
99-059    true | true
99-060    true | true
99-061    true | true
99-062    true | true
99-063    true | true
99-064    true | true
---------------+-------------------
99-065    true | true
99-066    true | true
99-067    true | true
99-068    true | true
99-069    true | true
99-070    true | true
99-071    true | true
99-072    true | true
---------------+-------------------
99-073    true | true
99-074    true | true
99-075    true | true
99-076    true | true
---------------+------------------+
     expected  | found            |
---------------+------------------+
99-077   false | false
99-078   false | false
99-079   false | false
99-080   false | false
99-081   false | false
99-082   false | false
99-083   false | false
99-084   false | false
---------------+-------------------
99-085   false | false
99-086   false | false
99-087   false | false
99-088   false | false
99-089   false | false
99-090   false | false
99-091   false | false
99-092   false | false
---------------+-------------------
99-093   false | false
99-094   false | false
99-095   false | false
99-096   false | false
99-097   false | false
99-098   false | false
99-099   false | false
99-100   false | false
---------------+-------------------
99-101   false | false
99-102   false | false
99-103   false | false
99-104   false | false
---------------+------------------+
     expected  | found            |
---------------+------------------+
99-105     ABC | ABC
99-106     ABC | ABC
99-107     AB3 | AB3
99-108     A2C | A2C
99-109     1BC | 1BC
99-110 ABfalse | ABfalse
99-111 AfalseC | AfalseC
99-112 falseBC | falseBC
99-113 12false | 12false
99-114 1false3 | 1false3
99-115 false23 | false23
---------------+------------------+
     expected  | found            |
---------------+------------------+
99-116    AB5  | AB5
99-117    5AB  | 5AB
99-118   true  | true
99-119   false | false
99-120   falseA| falseA
99-121   Atrue | Atrue
99-122   -3A   | -3A
99-123   A-3   | A-3
99-124   true  | true
---------------+------------------+
     expected  | found            |
---------------+------------------+
99-125    OK   | OK
99-126    OK   | OK
99-127    OK   | OK
99-128    OK   | OK
99-129    OK   | OK
99-130    OK   | OK
99-131    OK   | OK
99-132    OK   | OK
---------------+------------------+
     expected  | found            |
---------------+-------------------
99-133    15   | 15
99-134     0   | 0
99-135    15   | 15
---------------+-------------------
99-136    15   | 15
99-137    5    | 5
99-138    20   | 20
---------------+-------------------
That's all!
-------------------------------
