Zahlen0Bis255 Testprotokoll 
-----------------------------
SRC 0 
*** java -classpath . YySupportPackage.Program ALG.TMP 
Kein Parse-Fehler!
-----------------------------
SRC 1 
*** java -classpath . YySupportPackage.Program ALG.TMP 
Kein Parse-Fehler!
-----------------------------
SRC 9 
*** java -classpath . YySupportPackage.Program ALG.TMP 
Kein Parse-Fehler!
-----------------------------
SRC 10 
*** java -classpath . YySupportPackage.Program ALG.TMP 
Kein Parse-Fehler!
-----------------------------
SRC 11 
*** java -classpath . YySupportPackage.Program ALG.TMP 
Kein Parse-Fehler!
-----------------------------
SRC 19 
*** java -classpath . YySupportPackage.Program ALG.TMP 
Kein Parse-Fehler!
-----------------------------
SRC 22 
*** java -classpath . YySupportPackage.Program ALG.TMP 
Kein Parse-Fehler!
-----------------------------
SRC 33 
*** java -classpath . YySupportPackage.Program ALG.TMP 
Kein Parse-Fehler!
-----------------------------
SRC 44 
*** java -classpath . YySupportPackage.Program ALG.TMP 
Kein Parse-Fehler!
-----------------------------
SRC 55 
*** java -classpath . YySupportPackage.Program ALG.TMP 
Kein Parse-Fehler!
-----------------------------
SRC 66 
*** java -classpath . YySupportPackage.Program ALG.TMP 
Kein Parse-Fehler!
-----------------------------
SRC 77 
*** java -classpath . YySupportPackage.Program ALG.TMP 
Kein Parse-Fehler!
-----------------------------
SRC 88 
*** java -classpath . YySupportPackage.Program ALG.TMP 
Kein Parse-Fehler!
-----------------------------
SRC 99 
*** java -classpath . YySupportPackage.Program ALG.TMP 
Kein Parse-Fehler!
-----------------------------
SRC 100 
*** java -classpath . YySupportPackage.Program ALG.TMP 
Kein Parse-Fehler!
-----------------------------
SRC 101 
*** java -classpath . YySupportPackage.Program ALG.TMP 
Kein Parse-Fehler!
-----------------------------
SRC 199 
*** java -classpath . YySupportPackage.Program ALG.TMP 
Kein Parse-Fehler!
-----------------------------
SRC 240 
*** java -classpath . YySupportPackage.Program ALG.TMP 
Kein Parse-Fehler!
-----------------------------
SRC 249 
*** java -classpath . YySupportPackage.Program ALG.TMP 
Kein Parse-Fehler!
-----------------------------
SRC 250 
*** java -classpath . YySupportPackage.Program ALG.TMP 
Kein Parse-Fehler!
-----------------------------
SRC 255 
*** java -classpath . YySupportPackage.Program ALG.TMP 
Kein Parse-Fehler!
-----------------------------
SRC 256 
*** java -classpath . YySupportPackage.Program ALG.TMP 
Line 1: syntax error
-----------------------------
SRC 259 
*** java -classpath . YySupportPackage.Program ALG.TMP 
Line 1: syntax error
-----------------------------
SRC 300 
*** java -classpath . YySupportPackage.Program ALG.TMP 
Line 1: syntax error
-----------------------------
SRC -1 
*** java -classpath . YySupportPackage.Program ALG.TMP 
Line 1: syntax error
-----------------------------
SRC abc 
*** java -classpath . YySupportPackage.Program ALG.TMP 
Line 1: syntax error
