Testfile1
-----------------------------
SRC 0 
No parse error found!
-----------------------------
SRC 1 
No parse error found!
-----------------------------
SRC 2 
No parse error found!
-----------------------------
SRC 3 
No parse error found!
-----------------------------
SRC 4 
No parse error found!
-----------------------------
SRC 5 
No parse error found!
-----------------------------
SRC 6 
No parse error found!
-----------------------------
SRC 7 
No parse error found!
-----------------------------
SRC 8 
No parse error found!
-----------------------------
SRC 9 
No parse error found!
-----------------------------
SRC 10 
No parse error found!
-----------------------------
SRC 11 
No parse error found!
-----------------------------
SRC 15 
No parse error found!
-----------------------------
SRC 19 
No parse error found!
-----------------------------
SRC 20 
No parse error found!
-----------------------------
SRC 22 
No parse error found!
-----------------------------
SRC 26 
No parse error found!
-----------------------------
SRC 28 
No parse error found!
-----------------------------
SRC 30 
No parse error found!
-----------------------------
SRC 33 
No parse error found!
-----------------------------
SRC 34 
No parse error found!
-----------------------------
SRC 37 
No parse error found!
-----------------------------
SRC 40 
No parse error found!
-----------------------------
SRC 50 
No parse error found!
-----------------------------
SRC 60 
No parse error found!
-----------------------------
SRC 70 
No parse error found!
-----------------------------
SRC 80 
No parse error found!
-----------------------------
SRC 90 
No parse error found!
-----------------------------
SRC 99 
No parse error found!
-----------------------------
SRC 100 
No parse error found!
-----------------------------
SRC 101 
No parse error found!
-----------------------------
SRC 110 
No parse error found!
-----------------------------
SRC 130 
No parse error found!
-----------------------------
SRC 135 
No parse error found!
-----------------------------
SRC 150 
No parse error found!
-----------------------------
SRC 190 
No parse error found!
-----------------------------
SRC 199 
No parse error found!
-----------------------------
SRC 240 
No parse error found!
-----------------------------
SRC 245 
No parse error found!
-----------------------------
SRC 247 
No parse error found!
-----------------------------
SRC 249 
No parse error found!
-----------------------------
SRC 250 
No parse error found!
-----------------------------
SRC 252 
No parse error found!
-----------------------------
SRC 254 
No parse error found!
-----------------------------
SRC 255 
No parse error found!
-----------------------------
SRC 256 
    256 
      ^
SRC.TMP, line 1: syntax error
-----------------------------
SRC 1234 
    1234 
       ^
SRC.TMP, line 1: syntax error
-----------------------------
SRC -1 
    -1 
    ^
SRC.TMP, line 1: syntax error
-----------------------------
SRC -100 
    -100 
    ^
SRC.TMP, line 1: syntax error
-----------------------------
SRC abc 
    abc 
    ^
SRC.TMP, line 1: syntax error
