Testfile1
-----------------------------
SRC The mother of Mary
Die mutter von Maria
-----------------------------
SRC The father of Mary
Der vater von Maria
-----------------------------
SRC The mother of John
Die mutter von Johann
-----------------------------
SRC The father of John
Der vater von Johann
-----------------------------
SRC The mother of the mother of Mary
Eine grossmutter von Maria
-----------------------------
SRC The father of the mother of Mary
Ein grossvater von Maria
-----------------------------
SRC The mother of the father of Mary
Eine grossmutter von Maria
-----------------------------
SRC The father of the father of Mary
Ein grossvater von Maria
-----------------------------
SRC The mother of the mother of John
Eine grossmutter von Johann
-----------------------------
SRC The father of the mother of John
Ein grossvater von Johann
-----------------------------
SRC The mother of the father of John
Eine grossmutter von Johann
-----------------------------
SRC The father of the father of John
Ein grossvater von Johann
-----------------------------
SRC The mother of the mother of the mother of Mary
Eine urgrossmutter von Maria
-----------------------------
SRC The father of the mother of the mother of Mary
Ein urgrossvater von Maria
-----------------------------
SRC The mother of the father of the mother of Mary
Eine urgrossmutter von Maria
-----------------------------
SRC The father of the father of the mother of Mary
Ein urgrossvater von Maria
-----------------------------
SRC The mother of the mother of the father of Mary
Eine urgrossmutter von Maria
-----------------------------
SRC The father of the mother of the father of Mary
Ein urgrossvater von Maria
-----------------------------
SRC The mother of the father of the father of Mary
Eine urgrossmutter von Maria
-----------------------------
SRC The father of the father of the father of Mary
Ein urgrossvater von Maria
-----------------------------
SRC The mother of the mother of the mother of John
Eine urgrossmutter von Johann
-----------------------------
SRC The father of the mother of the mother of John
Ein urgrossvater von Johann
-----------------------------
SRC The mother of the father of the mother of John
Eine urgrossmutter von Johann
-----------------------------
SRC The father of the father of the mother of John
Ein urgrossvater von Johann
-----------------------------
SRC The mother of the mother of the father of John
Eine urgrossmutter von Johann
-----------------------------
SRC The father of the mother of the father of John
Ein urgrossvater von Johann
-----------------------------
SRC The mother of the father of the father of John
Eine urgrossmutter von Johann
-----------------------------
SRC The father of the father of the father of John
Ein urgrossvater von Johann
-----------------------------
SRC The mother of the mother of the mother of the mother of Mary
Eine ururgrossmutter von Maria
-----------------------------
SRC The mother of the father of the mother of the father of Mary
Eine ururgrossmutter von Maria
-----------------------------
SRC The father of the father of the father of the father of John
Ein ururgrossvater von Johann
-----------------------------
SRC The father of the mother of the mother of the father of John
Ein ururgrossvater von Johann
-----------------------------
SRC The Mother of Mary
    The Mother of Mary
        ^
ALG.TMP, line 1: syntax error
-----------------------------
SRC The fatheR of John
    The fatheR of John
        ^
ALG.TMP, line 1: syntax error
-----------------------------
SRC The father of the mother of the mother of the father of Johnny
    The father of the mother of the mother of the father of Johnny
                                                                ^
ALG.TMP, line 1: syntax error
