Testfile1
-----------------------------
SRC The mother of Mary 
ALG.TMP, line 2: syntax error
-----------------------------
SRC The father of Mary 
ALG.TMP, line 2: syntax error
-----------------------------
SRC The mother of John 
ALG.TMP, line 2: syntax error
-----------------------------
SRC The father of John 
ALG.TMP, line 2: syntax error
-----------------------------
SRC The mother of the mother of Mary 
ALG.TMP, line 2: syntax error
-----------------------------
SRC The mother of the father of Mary 
ALG.TMP, line 2: syntax error
-----------------------------
SRC The father of the mother of Mary 
ALG.TMP, line 2: syntax error
-----------------------------
SRC The father of the father of Mary 
ALG.TMP, line 2: syntax error
-----------------------------
SRC The father of the father of the mother of Mary 
ALG.TMP, line 2: syntax error
-----------------------------
SRC The mother of the mother of the father of the mother of John 
ALG.TMP, line 2: syntax error
-----------------------------
SRC The MotheR of Mary 
    The MotheR of Mary
    ^
ALG.TMP, line 1: syntax error
-----------------------------
SRC The fatheR of Angela 
    The fatheR of Angela
    ^
ALG.TMP, line 1: syntax error
